LockScreenDevice/app/build/intermediates/manifest_merge_blame_file/debug/manifest-merger-blame-debug-report.txt
1<?xml version="1.0" encoding="utf-8"?>
2<manifest xmlns:android="http://schemas.android.com/apk/res/android"
3    package="com.ssaurel.lockdevice"
4    android:versionCode="1"
5    android:versionName="1.0" >
6
7    <uses-sdk
8        android:minSdkVersion="15"
8-->src\main\AndroidManifest.xml
9        android:targetSdkVersion="27" />
9-->src\main\AndroidManifest.xml
10
11    <application
11-->src\main\AndroidManifest.xml:5:5-30:19
12        android:allowBackup="true"
12-->src\main\AndroidManifest.xml:6:9-35
13        android:debuggable="true"
14        android:icon="@mipmap/ic_launcher"
14-->src\main\AndroidManifest.xml:7:9-43
15        android:label="@string/app_name"
15-->src\main\AndroidManifest.xml:8:9-41
16        android:roundIcon="@mipmap/ic_launcher_round"
16-->src\main\AndroidManifest.xml:9:9-54
17        android:supportsRtl="true"
17-->src\main\AndroidManifest.xml:10:9-35
18        android:testOnly="true"
19        android:theme="@style/AppTheme" >
19-->src\main\AndroidManifest.xml:11:9-40
20        <activity android:name="com.ssaurel.lockdevice.MainActivity" >
20-->src\main\AndroidManifest.xml:12:9-18:20
20-->src\main\AndroidManifest.xml:12:19-47
21            <intent-filter>
21-->src\main\AndroidManifest.xml:13:13-17:29
22                <action android:name="android.intent.action.MAIN" />
22-->src\main\AndroidManifest.xml:14:17-69
22-->src\main\AndroidManifest.xml:14:25-66
23
24                <category android:name="android.intent.category.LAUNCHER" />
24-->src\main\AndroidManifest.xml:16:17-77
24-->src\main\AndroidManifest.xml:16:27-74
25            </intent-filter>
26        </activity>
27
28        <receiver
28-->src\main\AndroidManifest.xml:20:9-28:20
29            android:name="com.ssaurel.lockdevice.MyAdmin"
29-->src\main\AndroidManifest.xml:20:19-42
30            android:permission="android.permission.BIND_DEVICE_ADMIN" >
30-->src\main\AndroidManifest.xml:20:43-100
31            <meta-data
31-->src\main\AndroidManifest.xml:21:13-22:52
32                android:name="android.app.device_admin"
32-->src\main\AndroidManifest.xml:21:24-63
33                android:resource="@xml/policies" />
33-->src\main\AndroidManifest.xml:22:17-49
34
35            <intent-filter>
35-->src\main\AndroidManifest.xml:24:13-26:29
36                <action android:name="android.app.action.DEVICE_ADMIN_ENABLED" />
36-->src\main\AndroidManifest.xml:25:17-81
36-->src\main\AndroidManifest.xml:25:25-79
37            </intent-filter>
38        </receiver>
39    </application>
40
41</manifest>